


ARM Macro Assembler    Page 1 


    1 00000000         ; generated by Component: ARM Compiler 5.06 update 6 (bu
                       ild 750) Tool: ArmCC [4d3637]
    2 00000000         ; commandline ArmCC [--debug -c -S -o..\obj\sys.s --depe
                       nd=..\obj\sys.d --cpu=Cortex-M4.fp --apcs=interwork -O0 
                       --diag_suppress=9931 -I..\CORE -I..\SYSTEM\delay -I..\SY
                       STEM\sys -I..\SYSTEM\usart -I..\USER -I..\FWLIB\Librarie
                       s\STM32F4xx_StdPeriph_Driver\inc -I..\FreeRTOS\include -
                       I..\FreeRTOS\portable\RVDS\ARM_CM4F -I..\hardware\LED -I
                       ..\hardware\dm9000a -I..\hardware -I..\TASK -I..\SYSTEM 
                       -I..\hardware\TIMER -I.\RTE\_Template -ID:\Keil_v5\ARM\P
                       ACK\Keil\STM32F4xx_DFP\2.7.0\Drivers\CMSIS\Device\ST\STM
                       32F4xx\Include -ID:\Keil_v5\ARM\CMSIS\Include -ID:\Keil_
                       v5\ARM\PACK\Keil\STM32F4xx_DFP\2.7.0\Device\Include -D__
                       MICROLIB -D__UVISION_VERSION=525 -DSTM32F407xx -DSTM32F4
                       0_41xxx -DUSE_STDPERIPH_DRIVER --omf_browse=..\obj\sys.c
                       rf ..\SYSTEM\sys\sys.c]
    3 00000000                 THUMB
    4 00000000                 PRESERVE8
    5 00000000         
    6 00000000                 AREA             ||.arm_vfe_header||, DATA, READ
ONLY, NOALLOC, ALIGN=2
    7 00000000         
    8 00000000 00000000        DCD              0x00000000
    9 00000004         
   10 00000004         ;*** Start embedded assembler ***
   11 00000004         
   12 00000004         #line   1                "..\\SYSTEM\\sys\\sys.c"
    1 00000004                 AREA             ||.emb_text||, CODE
    2 00000000                 THUMB
    3 00000000                 EXPORT           |__asm___5_sys_c_WFI_SET____REV
16|
    4 00000000         #line   114              "..\\CORE\\core_cmInstr.h"
  114 00000000         |__asm___5_sys_c_WFI_SET____REV16|
                               PROC
  115 00000000         #line   115
  115 00000000         
  116 00000000 BA40            rev16            r0, r0
  117 00000002 4770            bx               lr
  118 00000004                 ENDP
  119 00000004                 AREA             ||.emb_text||, CODE
  120 00000004                 THUMB
  121 00000004                 EXPORT           |__asm___5_sys_c_WFI_SET____REV
SH|
  122 00000004         #line   128
  128 00000004         |__asm___5_sys_c_WFI_SET____REVSH|
                               PROC
  129 00000004         #line   129
  129 00000004         
  130 00000004 BAC0            revsh            r0, r0
  131 00000006 4770            bx               lr
  132 00000008                 ENDP
  133 00000008                 AREA             ||.emb_text||, CODE
  134 00000008                 THUMB
  135 00000008                 EXPORT           |WFI_SET|
  136 00000008         #line   23               "..\\SYSTEM\\sys\\sys.c"
   23 00000008         |WFI_SET|
                               PROC
   24 00000008         #line   24
   24 00000008         



ARM Macro Assembler    Page 2 


   25 00000008 BF30            WFI
   26 0000000A                 ENDP
   27 0000000A                 AREA             ||.emb_text||, CODE
   28 0000000A                 THUMB
   29 0000000A                 EXPORT           |INTX_DISABLE|
   30 0000000A         #line   28
   28 0000000A         |INTX_DISABLE|
                               PROC
   29 0000000A         #line   29
   29 0000000A         
   30 0000000A B672            CPSID            I
   31 0000000C 4770            BX               LR
   32 0000000E                 ENDP
   33 0000000E                 AREA             ||.emb_text||, CODE
   34 0000000E                 THUMB
   35 0000000E                 EXPORT           |INTX_ENABLE|
   36 0000000E         #line   34
   34 0000000E         |INTX_ENABLE|
                               PROC
   35 0000000E         #line   35
   35 0000000E         
   36 0000000E B662            CPSIE            I
   37 00000010 4770            BX               LR
   38 00000012                 ENDP
   39 00000012                 AREA             ||.emb_text||, CODE
   40 00000012                 THUMB
   41 00000012                 EXPORT           |MSR_MSP|
   42 00000012         #line   41
   41 00000012         |MSR_MSP|
                               PROC
   42 00000012         #line   42
   42 00000012         
   43 00000012 F380 8808       MSR              MSP, r0
   44 00000016 4770            BX               r14
   45 00000018                 ENDP
   46 00000018         
   47 00000018         ;*** End   embedded assembler ***
   48 00000018         
   49 00000018                 IMPORT           ||Lib$$Request$$armlib|| [CODE,
WEAK]
   50 00000018         
   51 00000018                 ATTR             FILESCOPE
   52 00000018                 ATTR             SETVALUE Tag_ABI_PCS_wchar_t,2
   53 00000018                 ATTR             SETVALUE Tag_ABI_enum_size,1
   54 00000018                 ATTR             SETVALUE Tag_ABI_optimization_g
oals,6
   55 00000018                 ATTR             SETSTRING Tag_conformance,"2.09
"
   56 00000018                 ATTR             SETVALUE AV,18,1
   57 00000018         
   58 00000018                 ASSERT           {ENDIAN} = "little"
   59 00000018                 ASSERT           {INTER} = {TRUE}
   60 00000018                 ASSERT           {ROPI} = {FALSE}
   61 00000018                 ASSERT           {RWPI} = {FALSE}
   62 00000018                 ASSERT           {IEEE_FULL} = {FALSE}
   63 00000018                 ASSERT           {IEEE_PART} = {FALSE}
   64 00000018                 ASSERT           {IEEE_JAVA} = {FALSE}
   65 00000018                 END
Command Line: --16 --debug --xref --diag_suppress=9931 --cpu=Cortex-M4.fp --apc



ARM Macro Assembler    Page 3 


s=interwork -o..\obj\sys.o -I.\RTE\_Template -ID:\Keil_v5\ARM\PACK\Keil\STM32F4
xx_DFP\2.7.0\Drivers\CMSIS\Device\ST\STM32F4xx\Include -ID:\Keil_v5\ARM\CMSIS\I
nclude -ID:\Keil_v5\ARM\PACK\Keil\STM32F4xx_DFP\2.7.0\Device\Include --predefin
e="__MICROLIB SETA 1" --predefine="__UVISION_VERSION SETA 525" --predefine="STM
32F407xx SETA 1" --list=..\obj\sys.lst ..\obj\sys.s



ARM Macro Assembler    Page 1 Alphabetic symbol ordering
Relocatable symbols

|.arm_vfe_header| 00000000

Symbol: |.arm_vfe_header|
   Definitions
      At line 6 in file ..\obj\sys.s
   Uses
      None
Comment: |.arm_vfe_header| unused
1 symbol



ARM Macro Assembler    Page 1 Alphabetic symbol ordering
Relocatable symbols

INTX_DISABLE 0000000A

Symbol: INTX_DISABLE
   Definitions
      At line 28 in file ..\\SYSTEM\\sys\\sys.c
   Uses
      At line 29 in file ..\\SYSTEM\\sys\\sys.c
Comment: INTX_DISABLE used once
INTX_ENABLE 0000000E

Symbol: INTX_ENABLE
   Definitions
      At line 34 in file ..\\SYSTEM\\sys\\sys.c
   Uses
      At line 35 in file ..\\SYSTEM\\sys\\sys.c
Comment: INTX_ENABLE used once
MSR_MSP 00000012

Symbol: MSR_MSP
   Definitions
      At line 41 in file ..\\SYSTEM\\sys\\sys.c
   Uses
      At line 41 in file ..\\SYSTEM\\sys\\sys.c
Comment: MSR_MSP used once
WFI_SET 00000008

Symbol: WFI_SET
   Definitions
      At line 23 in file ..\\SYSTEM\\sys\\sys.c
   Uses
      At line 135 in file ..\\CORE\\core_cmInstr.h
Comment: WFI_SET used once
__asm___5_sys_c_WFI_SET____REV16 00000000

Symbol: __asm___5_sys_c_WFI_SET____REV16
   Definitions
      At line 114 in file ..\\CORE\\core_cmInstr.h
   Uses
      At line 3 in file ..\\SYSTEM\\sys\\sys.c
Comment: __asm___5_sys_c_WFI_SET____REV16 used once
__asm___5_sys_c_WFI_SET____REVSH 00000004

Symbol: __asm___5_sys_c_WFI_SET____REVSH
   Definitions
      At line 128 in file ..\\CORE\\core_cmInstr.h
   Uses
      At line 121 in file ..\\CORE\\core_cmInstr.h
Comment: __asm___5_sys_c_WFI_SET____REVSH used once
|.emb_text| 00000000

Symbol: |.emb_text|
   Definitions
      At line 1 in file ..\\SYSTEM\\sys\\sys.c
   Uses
      None
Comment: |.emb_text| unused
7 symbols



ARM Macro Assembler    Page 1 Alphabetic symbol ordering
External symbols

|Lib$$Request$$armlib| 00000000

Symbol: |Lib$$Request$$armlib|
   Definitions
      At line 49 in file ..\\SYSTEM\\sys\\sys.c
   Uses
      None
Comment: |Lib$$Request$$armlib| unused
1 symbol
343 symbols in table
